<?xml version="1.0" encoding="UTF-8"?>
<!-- Generated by org.testng.reporters.JUnitReportReporter -->
<testsuite hostname="DESKTOP-H2MOL6B" failures="0" tests="2" name="luma.runner.MyRunnerClass" time="0.290" errors="2" timestamp="29 Nov 2022 23:28:24 GMT" skipped="0">
  <testcase classname="luma.runner.MyRunnerClass" name="runScenario" time="0.064">
    <error message="Cannot invoke &quot;String.equalsIgnoreCase(String)&quot; because &quot;browserName&quot; is null" type="java.lang.NullPointerException">
      <![CDATA[java.lang.NullPointerException: Cannot invoke "String.equalsIgnoreCase(String)" because "browserName" is null
at luma.basepage.BasepageClass.startAutomation(BasepageClass.java:42)
at luma.hooks.HooksClass.getSetup(HooksClass.java:13)
]]>
    </error>
  </testcase> <!-- runScenario -->
  <testcase classname="luma.runner.MyRunnerClass" name="runScenario" time="0.226">
    <error message="Cannot invoke &quot;String.equalsIgnoreCase(String)&quot; because &quot;browserName&quot; is null" type="java.lang.NullPointerException">
      <![CDATA[java.lang.NullPointerException: Cannot invoke "String.equalsIgnoreCase(String)" because "browserName" is null
at luma.basepage.BasepageClass.startAutomation(BasepageClass.java:42)
at luma.hooks.HooksClass.getSetup(HooksClass.java:13)
]]>
    </error>
  </testcase> <!-- runScenario -->
</testsuite> <!-- luma.runner.MyRunnerClass -->
